[FATAL] 2022-10-15 17:53:54.685 [main] Stepdemo1 - Setup1 executed...
[INFO ] 2022-10-15 17:54:15.835 [main] Stepdemo1 - chrome browser launched
[INFO ] 2022-10-15 17:54:21.076 [main] Stepdemo1 - url opened
[INFO ] 2022-10-15 17:54:21.694 [main] Stepdemo1 - email address and password entered
[INFO ] 2022-10-15 17:54:32.670 [main] Stepdemo1 - Clicked on login button
[WARN ] 2022-10-15 17:54:32.747 [main] Stepdemo1 - Test Failed: Login feature- page title is matched.
[WARN ] 2022-10-15 17:54:32.748 [main] Stepdemo1 - Test Failed: Login feature- page title not matched.
[INFO ] 2022-10-15 17:54:34.536 [main] Stepdemo1 - user clicked on logout link.
[WARN ] 2022-10-15 17:54:34.552 [main] Stepdemo1 - Test Failed: Login feature- page title is matched.
[WARN ] 2022-10-15 17:54:34.553 [main] Stepdemo1 - Test Failed: Login feature- page title not matched.
[INFO ] 2022-10-15 17:54:35.092 [main] Stepdemo1 - browser is closed
[FATAL] 2022-10-15 18:14:48.191 [main] Stepdemo1 - Setup1 executed...
[INFO ] 2022-10-15 18:14:57.967 [main] Stepdemo1 - chrome browser launched
[INFO ] 2022-10-15 18:14:59.800 [main] Stepdemo1 - url opened
[INFO ] 2022-10-15 18:15:00.330 [main] Stepdemo1 - email address and password entered
[INFO ] 2022-10-15 18:15:05.289 [main] Stepdemo1 - Clicked on login button
[WARN ] 2022-10-15 18:15:05.583 [main] Stepdemo1 - Test Failed: Login feature- page title is matched.
[WARN ] 2022-10-15 18:15:05.584 [main] Stepdemo1 - Test Failed: Login feature- page title not matched.
[INFO ] 2022-10-15 18:15:07.444 [main] Stepdemo1 - user clicked on logout link.
[WARN ] 2022-10-15 18:15:07.461 [main] Stepdemo1 - Test Failed: Login feature- page title is matched.
[WARN ] 2022-10-15 18:15:07.461 [main] Stepdemo1 - Test Failed: Login feature- page title not matched.
[INFO ] 2022-10-15 18:15:07.801 [main] Stepdemo1 - browser is closed
[FATAL] 2022-10-15 18:15:07.915 [main] Stepdemo1 - Setup1 executed...
[INFO ] 2022-10-15 18:15:13.078 [main] Stepdemo1 - Setup2 executed...
[INFO ] 2022-10-15 18:15:19.600 [main] Stepdemo1 - chrome browser launched
[INFO ] 2022-10-15 18:15:21.691 [main] Stepdemo1 - url opened
[INFO ] 2022-10-15 18:15:22.555 [main] Stepdemo1 - email address and password entered
[INFO ] 2022-10-15 18:15:30.776 [main] Stepdemo1 - Clicked on login button
[WARN ] 2022-10-15 18:15:30.879 [main] Stepdemo1 - Test Failed: Login feature- page title is matched.
[WARN ] 2022-10-15 18:15:30.879 [main] Stepdemo1 - Test Failed: Login feature- page title not matched.
[INFO ] 2022-10-15 18:15:33.474 [main] Stepdemo1 - user clicked on logout link.
[WARN ] 2022-10-15 18:15:33.504 [main] Stepdemo1 - Test Failed: Login feature- page title is matched.
[WARN ] 2022-10-15 18:15:33.504 [main] Stepdemo1 - Test Failed: Login feature- page title not matched.
[INFO ] 2022-10-15 18:15:35.688 [main] Stepdemo1 - browser is closed
[FATAL] 2022-10-15 18:15:35.741 [main] Stepdemo1 - Setup1 executed...
[INFO ] 2022-10-15 18:15:44.027 [main] Stepdemo1 - Setup2 executed...
[INFO ] 2022-10-15 18:15:49.155 [main] Stepdemo1 - chrome browser launched
[INFO ] 2022-10-15 18:15:50.943 [main] Stepdemo1 - url opened
[INFO ] 2022-10-15 18:15:51.644 [main] Stepdemo1 - email address and password entered
[INFO ] 2022-10-15 18:15:53.014 [main] Stepdemo1 - Clicked on login button
[WARN ] 2022-10-15 18:15:53.032 [main] Stepdemo1 - Test Failed: Login feature- page title not matched.
[FATAL] 2022-10-15 18:15:53.979 [main] Stepdemo1 - Setup1 executed...
[INFO ] 2022-10-15 18:15:59.588 [main] Stepdemo1 - chrome browser launched
[INFO ] 2022-10-15 18:16:01.419 [main] Stepdemo1 - url opened
[INFO ] 2022-10-15 18:16:02.271 [main] Stepdemo1 - email address and password entered
[INFO ] 2022-10-15 18:16:09.835 [main] Stepdemo1 - Clicked on login button
[INFO ] 2022-10-15 18:16:09.906 [main] Stepdemo1 - user can view dashboard test passed.
[INFO ] 2022-10-15 18:16:10.130 [main] Stepdemo1 - customer menu clicked
[INFO ] 2022-10-15 18:16:14.569 [main] Stepdemo1 - customer menu item clicked
[INFO ] 2022-10-15 18:16:16.835 [main] Stepdemo1 - clicked on add new button.
[INFO ] 2022-10-15 18:16:16.911 [main] Stepdemo1 - User can view Add new customer page- passed
[INFO ] 2022-10-15 18:16:20.320 [main] Stepdemo1 - customer information entered
[INFO ] 2022-10-15 18:16:23.292 [main] Stepdemo1 - clicked on save button
[INFO ] 2022-10-15 18:16:24.575 [main] Stepdemo1 - User can view confirmation message - passed
[INFO ] 2022-10-15 18:16:25.112 [main] Stepdemo1 - browser is closed
[FATAL] 2022-10-15 18:16:25.165 [main] Stepdemo1 - Setup1 executed...
[INFO ] 2022-10-15 18:16:30.360 [main] Stepdemo1 - chrome browser launched
[INFO ] 2022-10-15 18:16:32.717 [main] Stepdemo1 - url opened
[INFO ] 2022-10-15 18:16:33.233 [main] Stepdemo1 - email address and password entered
[INFO ] 2022-10-15 18:16:37.264 [main] Stepdemo1 - Clicked on login button
[INFO ] 2022-10-15 18:16:37.339 [main] Stepdemo1 - user can view dashboard test passed.
[INFO ] 2022-10-15 18:16:37.536 [main] Stepdemo1 - customer menu clicked
[INFO ] 2022-10-15 18:16:40.455 [main] Stepdemo1 - customer menu item clicked
[INFO ] 2022-10-15 18:16:42.790 [main] Stepdemo1 - enter the email address
[INFO ] 2022-10-15 18:16:45.060 [main] Stepdemo1 - click on serach button successfully.
[FATAL] 2022-10-15 18:16:47.965 [main] Stepdemo1 - Setup1 executed...
[INFO ] 2022-10-15 18:16:53.827 [main] Stepdemo1 - chrome browser launched
[INFO ] 2022-10-15 18:16:56.240 [main] Stepdemo1 - url opened
[INFO ] 2022-10-15 18:16:56.773 [main] Stepdemo1 - email address and password entered
[INFO ] 2022-10-15 18:17:02.985 [main] Stepdemo1 - Clicked on login button
[INFO ] 2022-10-15 18:17:03.046 [main] Stepdemo1 - user can view dashboard test passed.
[INFO ] 2022-10-15 18:17:03.261 [main] Stepdemo1 - customer menu clicked
[INFO ] 2022-10-15 18:17:05.794 [main] Stepdemo1 - customer menu item clicked
[INFO ] 2022-10-15 18:17:08.106 [main] Stepdemo1 - customer firstname enter
[INFO ] 2022-10-15 18:17:18.458 [main] Stepdemo1 - customer Lastname enter
[INFO ] 2022-10-15 18:17:20.656 [main] Stepdemo1 - click on serach button successfully.
[FATAL] 2022-10-15 18:20:15.948 [main] Stepdemo1 - Setup1 executed...
[INFO ] 2022-10-15 18:20:24.969 [main] Stepdemo1 - chrome browser launched
[INFO ] 2022-10-15 18:20:27.344 [main] Stepdemo1 - url opened
[INFO ] 2022-10-15 18:20:27.866 [main] Stepdemo1 - email address and password entered
[INFO ] 2022-10-15 18:20:36.434 [main] Stepdemo1 - Clicked on login button
[WARN ] 2022-10-15 18:20:36.482 [main] Stepdemo1 - Test Failed: Login feature- page title is matched.
[WARN ] 2022-10-15 18:20:36.483 [main] Stepdemo1 - Test Failed: Login feature- page title not matched.
[INFO ] 2022-10-15 18:20:38.333 [main] Stepdemo1 - user clicked on logout link.
[WARN ] 2022-10-15 18:20:38.348 [main] Stepdemo1 - Test Failed: Login feature- page title is matched.
[WARN ] 2022-10-15 18:20:38.349 [main] Stepdemo1 - Test Failed: Login feature- page title not matched.
[INFO ] 2022-10-15 18:20:38.732 [main] Stepdemo1 - browser is closed
[FATAL] 2022-10-15 18:20:38.871 [main] Stepdemo1 - Setup1 executed...
[INFO ] 2022-10-15 18:20:44.664 [main] Stepdemo1 - Setup2 executed...
[INFO ] 2022-10-15 18:20:50.700 [main] Stepdemo1 - chrome browser launched
[INFO ] 2022-10-15 18:20:52.552 [main] Stepdemo1 - url opened
[INFO ] 2022-10-15 18:20:53.324 [main] Stepdemo1 - email address and password entered
[INFO ] 2022-10-15 18:20:59.793 [main] Stepdemo1 - Clicked on login button
[WARN ] 2022-10-15 18:20:59.862 [main] Stepdemo1 - Test Failed: Login feature- page title is matched.
[WARN ] 2022-10-15 18:20:59.862 [main] Stepdemo1 - Test Failed: Login feature- page title not matched.
[INFO ] 2022-10-15 18:21:02.030 [main] Stepdemo1 - user clicked on logout link.
[WARN ] 2022-10-15 18:21:02.043 [main] Stepdemo1 - Test Failed: Login feature- page title is matched.
[WARN ] 2022-10-15 18:21:02.043 [main] Stepdemo1 - Test Failed: Login feature- page title not matched.
[INFO ] 2022-10-15 18:21:04.113 [main] Stepdemo1 - browser is closed
[FATAL] 2022-10-15 18:21:04.170 [main] Stepdemo1 - Setup1 executed...
[INFO ] 2022-10-15 18:21:13.220 [main] Stepdemo1 - Setup2 executed...
[INFO ] 2022-10-15 18:21:20.858 [main] Stepdemo1 - chrome browser launched
[INFO ] 2022-10-15 18:21:22.104 [main] Stepdemo1 - url opened
[INFO ] 2022-10-15 18:21:22.822 [main] Stepdemo1 - email address and password entered
[INFO ] 2022-10-15 18:21:24.196 [main] Stepdemo1 - Clicked on login button
[WARN ] 2022-10-15 18:21:24.211 [main] Stepdemo1 - Test Failed: Login feature- page title not matched.
[FATAL] 2022-10-15 18:21:25.099 [main] Stepdemo1 - Setup1 executed...
[INFO ] 2022-10-15 18:21:27.808 [main] Stepdemo1 - chrome browser launched
[INFO ] 2022-10-15 18:21:32.182 [main] Stepdemo1 - url opened
[INFO ] 2022-10-15 18:21:33.144 [main] Stepdemo1 - email address and password entered
[INFO ] 2022-10-15 18:21:50.973 [main] Stepdemo1 - Clicked on login button
[INFO ] 2022-10-15 18:21:51.002 [main] Stepdemo1 - user can view dashboard test passed.
[INFO ] 2022-10-15 18:21:51.239 [main] Stepdemo1 - customer menu clicked
[INFO ] 2022-10-15 18:21:55.159 [main] Stepdemo1 - customer menu item clicked
[INFO ] 2022-10-15 18:21:57.551 [main] Stepdemo1 - clicked on add new button.
[INFO ] 2022-10-15 18:21:57.614 [main] Stepdemo1 - User can view Add new customer page- passed
[INFO ] 2022-10-15 18:22:00.068 [main] Stepdemo1 - customer information entered
[INFO ] 2022-10-15 18:22:02.298 [main] Stepdemo1 - clicked on save button
[INFO ] 2022-10-15 18:22:03.101 [main] Stepdemo1 - User can view confirmation message - passed
[INFO ] 2022-10-15 18:22:05.870 [main] Stepdemo1 - browser is closed
[FATAL] 2022-10-15 18:22:05.917 [main] Stepdemo1 - Setup1 executed...
[INFO ] 2022-10-15 18:22:11.662 [main] Stepdemo1 - chrome browser launched
[INFO ] 2022-10-15 18:22:13.510 [main] Stepdemo1 - url opened
[INFO ] 2022-10-15 18:22:14.263 [main] Stepdemo1 - email address and password entered
[INFO ] 2022-10-15 18:22:23.358 [main] Stepdemo1 - Clicked on login button
[INFO ] 2022-10-15 18:22:23.425 [main] Stepdemo1 - user can view dashboard test passed.
[INFO ] 2022-10-15 18:22:23.674 [main] Stepdemo1 - customer menu clicked
[INFO ] 2022-10-15 18:22:26.719 [main] Stepdemo1 - customer menu item clicked
[INFO ] 2022-10-15 18:22:29.242 [main] Stepdemo1 - enter the email address
[INFO ] 2022-10-15 18:22:31.519 [main] Stepdemo1 - click on serach button successfully.
[FATAL] 2022-10-15 18:22:34.538 [main] Stepdemo1 - Setup1 executed...
[INFO ] 2022-10-15 18:22:36.788 [main] Stepdemo1 - chrome browser launched
[INFO ] 2022-10-15 18:22:38.535 [main] Stepdemo1 - url opened
[INFO ] 2022-10-15 18:22:39.114 [main] Stepdemo1 - email address and password entered
[INFO ] 2022-10-15 18:22:44.240 [main] Stepdemo1 - Clicked on login button
[INFO ] 2022-10-15 18:22:44.293 [main] Stepdemo1 - user can view dashboard test passed.
[INFO ] 2022-10-15 18:22:44.525 [main] Stepdemo1 - customer menu clicked
[INFO ] 2022-10-15 18:22:46.846 [main] Stepdemo1 - customer menu item clicked
[INFO ] 2022-10-15 18:22:49.182 [main] Stepdemo1 - customer firstname enter
[INFO ] 2022-10-15 18:22:59.487 [main] Stepdemo1 - customer Lastname enter
[INFO ] 2022-10-15 18:23:01.807 [main] Stepdemo1 - click on serach button successfully.
[FATAL] 2022-10-15 18:29:02.229 [main] Stepdemo1 - Setup1 executed...
[INFO ] 2022-10-15 18:29:09.342 [main] Stepdemo1 - chrome browser launched
[INFO ] 2022-10-15 18:29:11.209 [main] Stepdemo1 - url opened
[INFO ] 2022-10-15 18:29:11.721 [main] Stepdemo1 - email address and password entered
[INFO ] 2022-10-15 18:29:21.417 [main] Stepdemo1 - Clicked on login button
[WARN ] 2022-10-15 18:29:21.502 [main] Stepdemo1 - Test Failed: Login feature- page title is matched.
[WARN ] 2022-10-15 18:29:21.502 [main] Stepdemo1 - Test Failed: Login feature- page title not matched.
[INFO ] 2022-10-15 18:29:23.178 [main] Stepdemo1 - user clicked on logout link.
[WARN ] 2022-10-15 18:29:23.196 [main] Stepdemo1 - Test Failed: Login feature- page title is matched.
[WARN ] 2022-10-15 18:29:23.196 [main] Stepdemo1 - Test Failed: Login feature- page title not matched.
[INFO ] 2022-10-15 18:29:23.527 [main] Stepdemo1 - browser is closed
[INFO ] 2022-10-15 18:29:26.518 [main] Stepdemo1 - Setup2 executed...
[FATAL] 2022-10-15 18:29:26.520 [main] Stepdemo1 - Setup1 executed...
[INFO ] 2022-10-15 18:29:29.643 [main] Stepdemo1 - chrome browser launched
[INFO ] 2022-10-15 18:29:30.881 [main] Stepdemo1 - url opened
[INFO ] 2022-10-15 18:29:31.598 [main] Stepdemo1 - email address and password entered
[INFO ] 2022-10-15 18:29:36.843 [main] Stepdemo1 - Clicked on login button
[WARN ] 2022-10-15 18:29:37.317 [main] Stepdemo1 - Test Failed: Login feature- page title is matched.
[WARN ] 2022-10-15 18:29:37.318 [main] Stepdemo1 - Test Failed: Login feature- page title not matched.
[INFO ] 2022-10-15 18:29:39.114 [main] Stepdemo1 - user clicked on logout link.
[WARN ] 2022-10-15 18:29:39.128 [main] Stepdemo1 - Test Failed: Login feature- page title is matched.
[WARN ] 2022-10-15 18:29:39.129 [main] Stepdemo1 - Test Failed: Login feature- page title not matched.
[INFO ] 2022-10-15 18:29:39.397 [main] Stepdemo1 - browser is closed
[FATAL] 2022-10-15 18:29:39.461 [main] Stepdemo1 - Setup1 executed...
[INFO ] 2022-10-15 18:29:42.858 [main] Stepdemo1 - chrome browser launched
[INFO ] 2022-10-15 18:29:47.113 [main] Stepdemo1 - url opened
[INFO ] 2022-10-15 18:29:48.283 [main] Stepdemo1 - email address and password entered
[INFO ] 2022-10-15 18:29:55.914 [main] Stepdemo1 - Clicked on login button
[INFO ] 2022-10-15 18:29:55.988 [main] Stepdemo1 - user can view dashboard test passed.
[INFO ] 2022-10-15 18:29:56.311 [main] Stepdemo1 - customer menu clicked
[INFO ] 2022-10-15 18:29:58.779 [main] Stepdemo1 - customer menu item clicked
[INFO ] 2022-10-15 18:30:01.725 [main] Stepdemo1 - clicked on add new button.
[INFO ] 2022-10-15 18:30:01.825 [main] Stepdemo1 - User can view Add new customer page- passed
[INFO ] 2022-10-15 18:30:04.192 [main] Stepdemo1 - customer information entered
[INFO ] 2022-10-15 18:30:06.676 [main] Stepdemo1 - clicked on save button
[INFO ] 2022-10-15 18:30:07.908 [main] Stepdemo1 - User can view confirmation message - passed
[INFO ] 2022-10-15 18:30:08.178 [main] Stepdemo1 - browser is closed
[FATAL] 2022-10-15 18:30:08.252 [main] Stepdemo1 - Setup1 executed...
[INFO ] 2022-10-15 18:30:12.166 [main] Stepdemo1 - chrome browser launched
[INFO ] 2022-10-15 18:30:14.534 [main] Stepdemo1 - url opened
[INFO ] 2022-10-15 18:30:15.175 [main] Stepdemo1 - email address and password entered
[INFO ] 2022-10-15 18:30:22.216 [main] Stepdemo1 - Clicked on login button
[INFO ] 2022-10-15 18:30:22.237 [main] Stepdemo1 - user can view dashboard test passed.
[INFO ] 2022-10-15 18:30:22.488 [main] Stepdemo1 - customer menu clicked
[INFO ] 2022-10-15 18:30:25.636 [main] Stepdemo1 - customer menu item clicked
[INFO ] 2022-10-15 18:30:28.022 [main] Stepdemo1 - enter the email address
[INFO ] 2022-10-15 18:30:30.183 [main] Stepdemo1 - click on serach button successfully.
[FATAL] 2022-10-15 18:30:33.584 [main] Stepdemo1 - Setup1 executed...
[INFO ] 2022-10-15 18:30:36.358 [main] Stepdemo1 - chrome browser launched
[INFO ] 2022-10-15 18:30:40.420 [main] Stepdemo1 - url opened
[INFO ] 2022-10-15 18:30:41.198 [main] Stepdemo1 - email address and password entered
[INFO ] 2022-10-15 18:30:46.836 [main] Stepdemo1 - Clicked on login button
[INFO ] 2022-10-15 18:30:47.134 [main] Stepdemo1 - user can view dashboard test passed.
[INFO ] 2022-10-15 18:30:47.407 [main] Stepdemo1 - customer menu clicked
[INFO ] 2022-10-15 18:30:50.144 [main] Stepdemo1 - customer menu item clicked
[INFO ] 2022-10-15 18:30:52.437 [main] Stepdemo1 - customer firstname enter
[INFO ] 2022-10-15 18:31:02.634 [main] Stepdemo1 - customer Lastname enter
[INFO ] 2022-10-15 18:31:04.832 [main] Stepdemo1 - click on serach button successfully.
[FATAL] 2022-10-15 18:41:02.304 [main] Stepdemo1 - Setup1 executed...
[INFO ] 2022-10-15 18:41:15.118 [main] Stepdemo1 - chrome browser launched
[INFO ] 2022-10-15 18:41:16.823 [main] Stepdemo1 - url opened
[INFO ] 2022-10-15 18:41:17.383 [main] Stepdemo1 - email address and password entered
[INFO ] 2022-10-15 18:41:23.407 [main] Stepdemo1 - Clicked on login button
[WARN ] 2022-10-15 18:41:23.472 [main] Stepdemo1 - Test Failed: Login feature- page title is matched.
[WARN ] 2022-10-15 18:41:23.473 [main] Stepdemo1 - Test Failed: Login feature- page title not matched.
[INFO ] 2022-10-15 18:41:25.164 [main] Stepdemo1 - user clicked on logout link.
[WARN ] 2022-10-15 18:41:25.179 [main] Stepdemo1 - Test Failed: Login feature- page title is matched.
[WARN ] 2022-10-15 18:41:25.179 [main] Stepdemo1 - Test Failed: Login feature- page title not matched.
[INFO ] 2022-10-15 18:41:25.599 [main] Stepdemo1 - browser is closed
[INFO ] 2022-10-15 18:41:32.496 [main] Stepdemo1 - Setup2 executed...
[FATAL] 2022-10-15 18:41:32.499 [main] Stepdemo1 - Setup1 executed...
[INFO ] 2022-10-15 18:41:37.405 [main] Stepdemo1 - chrome browser launched
[INFO ] 2022-10-15 18:41:39.205 [main] Stepdemo1 - url opened
[INFO ] 2022-10-15 18:41:39.781 [main] Stepdemo1 - email address and password entered
[INFO ] 2022-10-15 18:41:48.685 [main] Stepdemo1 - Clicked on login button
[WARN ] 2022-10-15 18:41:48.766 [main] Stepdemo1 - Test Failed: Login feature- page title is matched.
[WARN ] 2022-10-15 18:41:48.766 [main] Stepdemo1 - Test Failed: Login feature- page title not matched.
[INFO ] 2022-10-15 18:41:51.465 [main] Stepdemo1 - user clicked on logout link.
[WARN ] 2022-10-15 18:41:51.530 [main] Stepdemo1 - Test Failed: Login feature- page title is matched.
[WARN ] 2022-10-15 18:41:51.530 [main] Stepdemo1 - Test Failed: Login feature- page title not matched.
[INFO ] 2022-10-15 18:41:52.141 [main] Stepdemo1 - browser is closed
[INFO ] 2022-10-15 18:41:56.536 [main] Stepdemo1 - Setup2 executed...
[FATAL] 2022-10-15 18:41:56.539 [main] Stepdemo1 - Setup1 executed...
[INFO ] 2022-10-15 18:42:02.801 [main] Stepdemo1 - chrome browser launched
[INFO ] 2022-10-15 18:42:03.938 [main] Stepdemo1 - url opened
[INFO ] 2022-10-15 18:42:04.550 [main] Stepdemo1 - email address and password entered
[INFO ] 2022-10-15 18:42:05.255 [main] Stepdemo1 - Clicked on login button
[WARN ] 2022-10-15 18:42:05.279 [main] Stepdemo1 - Test Failed: Login feature- page title not matched.
[FATAL] 2022-10-15 18:42:06.549 [main] Stepdemo1 - Setup1 executed...
[INFO ] 2022-10-15 18:42:09.882 [main] Stepdemo1 - chrome browser launched
[INFO ] 2022-10-15 18:42:13.513 [main] Stepdemo1 - url opened
[INFO ] 2022-10-15 18:42:14.162 [main] Stepdemo1 - email address and password entered
[INFO ] 2022-10-15 18:42:23.097 [main] Stepdemo1 - Clicked on login button
[INFO ] 2022-10-15 18:42:23.197 [main] Stepdemo1 - user can view dashboard test passed.
[INFO ] 2022-10-15 18:42:23.424 [main] Stepdemo1 - customer menu clicked
[INFO ] 2022-10-15 18:42:26.959 [main] Stepdemo1 - customer menu item clicked
[INFO ] 2022-10-15 18:42:29.186 [main] Stepdemo1 - clicked on add new button.
[INFO ] 2022-10-15 18:42:29.256 [main] Stepdemo1 - User can view Add new customer page- passed
[INFO ] 2022-10-15 18:42:31.201 [main] Stepdemo1 - customer information entered
[INFO ] 2022-10-15 18:42:35.434 [main] Stepdemo1 - clicked on save button
[INFO ] 2022-10-15 18:42:36.486 [main] Stepdemo1 - User can view confirmation message - passed
[INFO ] 2022-10-15 18:42:36.720 [main] Stepdemo1 - browser is closed
[FATAL] 2022-10-15 18:42:36.786 [main] Stepdemo1 - Setup1 executed...
[INFO ] 2022-10-15 18:42:41.034 [main] Stepdemo1 - chrome browser launched
[INFO ] 2022-10-15 18:42:44.395 [main] Stepdemo1 - url opened
[INFO ] 2022-10-15 18:42:44.947 [main] Stepdemo1 - email address and password entered
[INFO ] 2022-10-15 18:42:51.843 [main] Stepdemo1 - Clicked on login button
[INFO ] 2022-10-15 18:42:51.899 [main] Stepdemo1 - user can view dashboard test passed.
[INFO ] 2022-10-15 18:42:52.066 [main] Stepdemo1 - customer menu clicked
[INFO ] 2022-10-15 18:42:54.557 [main] Stepdemo1 - customer menu item clicked
[INFO ] 2022-10-15 18:42:56.998 [main] Stepdemo1 - enter the email address
[INFO ] 2022-10-15 18:42:59.164 [main] Stepdemo1 - click on serach button successfully.
[FATAL] 2022-10-15 18:43:02.009 [main] Stepdemo1 - Setup1 executed...
[INFO ] 2022-10-15 18:43:04.087 [main] Stepdemo1 - chrome browser launched
[INFO ] 2022-10-15 18:43:06.668 [main] Stepdemo1 - url opened
[INFO ] 2022-10-15 18:43:07.141 [main] Stepdemo1 - email address and password entered
[INFO ] 2022-10-15 18:43:14.046 [main] Stepdemo1 - Clicked on login button
[INFO ] 2022-10-15 18:43:14.058 [main] Stepdemo1 - user can view dashboard test passed.
[INFO ] 2022-10-15 18:43:14.275 [main] Stepdemo1 - customer menu clicked
[INFO ] 2022-10-15 18:43:16.833 [main] Stepdemo1 - customer menu item clicked
[INFO ] 2022-10-15 18:43:19.087 [main] Stepdemo1 - customer firstname enter
[INFO ] 2022-10-15 18:43:29.414 [main] Stepdemo1 - customer Lastname enter
[INFO ] 2022-10-15 18:43:31.579 [main] Stepdemo1 - click on serach button successfully.
[FATAL] 2022-10-15 19:40:35.600 [main] Stepdemo1 - Setup1 executed...
[INFO ] 2022-10-15 19:40:46.050 [main] Stepdemo1 - chrome browser launched
[INFO ] 2022-10-15 19:40:47.769 [main] Stepdemo1 - url opened
[INFO ] 2022-10-15 19:40:48.301 [main] Stepdemo1 - email address and password entered
[INFO ] 2022-10-15 19:40:55.106 [main] Stepdemo1 - Clicked on login button
[WARN ] 2022-10-15 19:40:55.128 [main] Stepdemo1 - Test Failed: Login feature- page title is matched.
[WARN ] 2022-10-15 19:40:55.129 [main] Stepdemo1 - Test Failed: Login feature- page title not matched.
[INFO ] 2022-10-15 19:40:56.806 [main] Stepdemo1 - user clicked on logout link.
[WARN ] 2022-10-15 19:40:56.818 [main] Stepdemo1 - Test Failed: Login feature- page title is matched.
[WARN ] 2022-10-15 19:40:56.818 [main] Stepdemo1 - Test Failed: Login feature- page title not matched.
[INFO ] 2022-10-15 19:40:57.097 [main] Stepdemo1 - browser is closed
[FATAL] 2022-10-15 19:40:57.156 [main] Stepdemo1 - Setup1 executed...
[INFO ] 2022-10-15 19:41:04.011 [main] Stepdemo1 - Setup2 executed...
[INFO ] 2022-10-15 19:41:07.121 [main] Stepdemo1 - chrome browser launched
[INFO ] 2022-10-15 19:41:09.452 [main] Stepdemo1 - url opened
[INFO ] 2022-10-15 19:41:10.091 [main] Stepdemo1 - email address and password entered
[INFO ] 2022-10-15 19:41:15.406 [main] Stepdemo1 - Clicked on login button
[WARN ] 2022-10-15 19:41:15.648 [main] Stepdemo1 - Test Failed: Login feature- page title is matched.
[WARN ] 2022-10-15 19:41:15.648 [main] Stepdemo1 - Test Failed: Login feature- page title not matched.
[INFO ] 2022-10-15 19:41:17.207 [main] Stepdemo1 - user clicked on logout link.
[WARN ] 2022-10-15 19:41:17.221 [main] Stepdemo1 - Test Failed: Login feature- page title is matched.
[WARN ] 2022-10-15 19:41:17.221 [main] Stepdemo1 - Test Failed: Login feature- page title not matched.
[INFO ] 2022-10-15 19:41:17.515 [main] Stepdemo1 - browser is closed
[FATAL] 2022-10-15 19:41:17.554 [main] Stepdemo1 - Setup1 executed...
[INFO ] 2022-10-15 19:41:20.873 [main] Stepdemo1 - Setup2 executed...
[INFO ] 2022-10-15 19:41:27.164 [main] Stepdemo1 - chrome browser launched
[INFO ] 2022-10-15 19:41:29.344 [main] Stepdemo1 - url opened
[INFO ] 2022-10-15 19:41:30.236 [main] Stepdemo1 - email address and password entered
[INFO ] 2022-10-15 19:41:30.939 [main] Stepdemo1 - Clicked on login button
[WARN ] 2022-10-15 19:41:30.958 [main] Stepdemo1 - Test Failed: Login feature- page title not matched.
[FATAL] 2022-10-15 19:48:29.268 [main] Stepdemo1 - Setup1 executed...
[INFO ] 2022-10-15 19:48:38.528 [main] Stepdemo1 - Setup2 executed...
[INFO ] 2022-10-15 19:48:43.193 [main] Stepdemo1 - chrome browser launched
[INFO ] 2022-10-15 19:48:46.114 [main] Stepdemo1 - url opened
[INFO ] 2022-10-15 19:48:46.830 [main] Stepdemo1 - email address and password entered
[INFO ] 2022-10-15 19:48:57.304 [main] Stepdemo1 - Clicked on login button
[INFO ] 2022-10-15 19:48:58.268 [main] Stepdemo1 - user can view dashboard test passed.
[INFO ] 2022-10-15 19:48:58.616 [main] Stepdemo1 - customer menu clicked
[INFO ] 2022-10-15 19:49:01.476 [main] Stepdemo1 - customer menu item clicked
[INFO ] 2022-10-15 19:49:03.853 [main] Stepdemo1 - clicked on add new button.
[INFO ] 2022-10-15 19:49:03.938 [main] Stepdemo1 - User can view Add new customer page- passed
[INFO ] 2022-10-15 19:49:06.089 [main] Stepdemo1 - customer information entered
[INFO ] 2022-10-15 19:49:08.473 [main] Stepdemo1 - clicked on save button
[INFO ] 2022-10-15 19:49:09.934 [main] Stepdemo1 - User can view confirmation message - passed
[INFO ] 2022-10-15 19:49:10.158 [main] Stepdemo1 - browser is closed
[FATAL] 2022-10-15 19:49:10.246 [main] Stepdemo1 - Setup1 executed...
[INFO ] 2022-10-15 19:49:16.544 [main] Stepdemo1 - Setup2 executed...
[INFO ] 2022-10-15 19:49:21.455 [main] Stepdemo1 - chrome browser launched
[INFO ] 2022-10-15 19:49:24.544 [main] Stepdemo1 - url opened
[INFO ] 2022-10-15 19:49:25.124 [main] Stepdemo1 - email address and password entered
[INFO ] 2022-10-15 19:49:32.695 [main] Stepdemo1 - Clicked on login button
[INFO ] 2022-10-15 19:49:33.618 [main] Stepdemo1 - user can view dashboard test passed.
[INFO ] 2022-10-15 19:49:34.099 [main] Stepdemo1 - customer menu clicked
[INFO ] 2022-10-15 19:49:38.828 [main] Stepdemo1 - customer menu item clicked
[INFO ] 2022-10-15 19:49:41.330 [main] Stepdemo1 - enter the email address
[INFO ] 2022-10-15 19:49:43.758 [main] Stepdemo1 - click on serach button successfully.
[INFO ] 2022-10-15 19:49:45.883 [main] Stepdemo1 - User should found Email in the Search table - passed
[INFO ] 2022-10-15 19:49:46.132 [main] Stepdemo1 - browser is closed
[FATAL] 2022-10-15 19:49:46.173 [main] Stepdemo1 - Setup1 executed...
[INFO ] 2022-10-15 19:49:50.832 [main] Stepdemo1 - Setup2 executed...
[INFO ] 2022-10-15 19:49:56.464 [main] Stepdemo1 - chrome browser launched
[INFO ] 2022-10-15 19:49:58.850 [main] Stepdemo1 - url opened
[INFO ] 2022-10-15 19:49:59.447 [main] Stepdemo1 - email address and password entered
[INFO ] 2022-10-15 19:50:09.035 [main] Stepdemo1 - Clicked on login button
[INFO ] 2022-10-15 19:50:09.072 [main] Stepdemo1 - user can view dashboard test passed.
[INFO ] 2022-10-15 19:50:09.278 [main] Stepdemo1 - customer menu clicked
[INFO ] 2022-10-15 19:50:12.713 [main] Stepdemo1 - customer menu item clicked
[INFO ] 2022-10-15 19:50:14.937 [main] Stepdemo1 - customer firstname enter
[INFO ] 2022-10-15 19:50:25.194 [main] Stepdemo1 - customer Lastname enter
[INFO ] 2022-10-15 19:50:27.379 [main] Stepdemo1 - click on serach button successfully.
[FATAL] 2022-10-15 20:14:07.428 [main] Stepdemo1 - Setup1 executed...
[INFO ] 2022-10-15 20:14:16.522 [main] Stepdemo1 - Setup2 executed...
[INFO ] 2022-10-15 20:14:24.864 [main] Stepdemo1 - chrome browser launched
[INFO ] 2022-10-15 20:14:28.067 [main] Stepdemo1 - url opened
[INFO ] 2022-10-15 20:14:28.704 [main] Stepdemo1 - email address and password entered
[INFO ] 2022-10-15 20:14:37.864 [main] Stepdemo1 - Clicked on login button
[INFO ] 2022-10-15 20:14:37.936 [main] Stepdemo1 - user can view dashboard test passed.
[INFO ] 2022-10-15 20:14:38.181 [main] Stepdemo1 - customer menu clicked
[INFO ] 2022-10-15 20:14:40.661 [main] Stepdemo1 - customer menu item clicked
[INFO ] 2022-10-15 20:14:43.103 [main] Stepdemo1 - clicked on add new button.
[INFO ] 2022-10-15 20:14:43.207 [main] Stepdemo1 - User can view Add new customer page- passed
[INFO ] 2022-10-15 20:14:45.317 [main] Stepdemo1 - customer information entered
[INFO ] 2022-10-15 20:14:48.504 [main] Stepdemo1 - clicked on save button
[INFO ] 2022-10-15 20:14:49.272 [main] Stepdemo1 - User can view confirmation message - passed
[INFO ] 2022-10-15 20:14:49.532 [main] Stepdemo1 - browser is closed
[FATAL] 2022-10-15 20:14:49.635 [main] Stepdemo1 - Setup1 executed...
[INFO ] 2022-10-15 20:14:58.057 [main] Stepdemo1 - Setup2 executed...
[INFO ] 2022-10-15 20:15:02.745 [main] Stepdemo1 - chrome browser launched
[INFO ] 2022-10-15 20:15:06.154 [main] Stepdemo1 - url opened
[INFO ] 2022-10-15 20:15:06.988 [main] Stepdemo1 - email address and password entered
[INFO ] 2022-10-15 20:15:14.265 [main] Stepdemo1 - Clicked on login button
[INFO ] 2022-10-15 20:15:14.295 [main] Stepdemo1 - user can view dashboard test passed.
[INFO ] 2022-10-15 20:15:14.584 [main] Stepdemo1 - customer menu clicked
[INFO ] 2022-10-15 20:15:18.730 [main] Stepdemo1 - customer menu item clicked
[INFO ] 2022-10-15 20:15:21.188 [main] Stepdemo1 - enter the email address
[INFO ] 2022-10-15 20:15:23.976 [main] Stepdemo1 - click on serach button successfully.
[INFO ] 2022-10-15 20:15:26.152 [main] Stepdemo1 - User should found Email in the Search table - passed
[INFO ] 2022-10-15 20:15:26.891 [main] Stepdemo1 - browser is closed
[FATAL] 2022-10-15 20:15:26.929 [main] Stepdemo1 - Setup1 executed...
[INFO ] 2022-10-15 20:15:31.774 [main] Stepdemo1 - Setup2 executed...
[INFO ] 2022-10-15 20:15:36.604 [main] Stepdemo1 - chrome browser launched
[INFO ] 2022-10-15 20:15:39.875 [main] Stepdemo1 - url opened
[INFO ] 2022-10-15 20:15:40.879 [main] Stepdemo1 - email address and password entered
[INFO ] 2022-10-15 20:15:48.719 [main] Stepdemo1 - Clicked on login button
[INFO ] 2022-10-15 20:15:48.741 [main] Stepdemo1 - user can view dashboard test passed.
[INFO ] 2022-10-15 20:15:49.025 [main] Stepdemo1 - customer menu clicked
[INFO ] 2022-10-15 20:15:53.035 [main] Stepdemo1 - customer menu item clicked
[INFO ] 2022-10-15 20:15:55.436 [main] Stepdemo1 - customer firstname enter
[INFO ] 2022-10-15 20:16:05.853 [main] Stepdemo1 - customer Lastname enter
[INFO ] 2022-10-15 20:16:08.242 [main] Stepdemo1 - click on serach button successfully.
[FATAL] 2022-10-15 20:38:27.351 [main] Stepdemo1 - Setup1 executed...
[INFO ] 2022-10-15 20:38:39.354 [main] Stepdemo1 - Setup2 executed...
[INFO ] 2022-10-15 20:38:46.725 [main] Stepdemo1 - chrome browser launched
[INFO ] 2022-10-15 20:38:50.290 [main] Stepdemo1 - url opened
[INFO ] 2022-10-15 20:38:51.088 [main] Stepdemo1 - email address and password entered
[INFO ] 2022-10-15 20:39:01.132 [main] Stepdemo1 - Clicked on login button
[INFO ] 2022-10-15 20:39:01.192 [main] Stepdemo1 - user can view dashboard test passed.
[INFO ] 2022-10-15 20:39:01.649 [main] Stepdemo1 - customer menu clicked
[INFO ] 2022-10-15 20:39:06.927 [main] Stepdemo1 - customer menu item clicked
[INFO ] 2022-10-15 20:39:10.012 [main] Stepdemo1 - clicked on add new button.
[INFO ] 2022-10-15 20:39:10.088 [main] Stepdemo1 - User can view Add new customer page- passed
[INFO ] 2022-10-15 20:39:12.270 [main] Stepdemo1 - customer information entered
[INFO ] 2022-10-15 20:39:14.980 [main] Stepdemo1 - clicked on save button
[INFO ] 2022-10-15 20:39:16.224 [main] Stepdemo1 - User can view confirmation message - passed
[INFO ] 2022-10-15 20:39:16.454 [main] Stepdemo1 - browser is closed
[FATAL] 2022-10-15 20:39:16.546 [main] Stepdemo1 - Setup1 executed...
[INFO ] 2022-10-15 20:39:22.222 [main] Stepdemo1 - chrome browser launched
[INFO ] 2022-10-15 20:39:23.879 [main] Stepdemo1 - url opened
[INFO ] 2022-10-15 20:39:24.877 [main] Stepdemo1 - email address and password entered
[INFO ] 2022-10-15 20:39:31.608 [main] Stepdemo1 - Clicked on login button
[INFO ] 2022-10-15 20:39:31.675 [main] Stepdemo1 - user can view dashboard test passed.
[INFO ] 2022-10-15 20:39:31.868 [main] Stepdemo1 - customer menu clicked
[INFO ] 2022-10-15 20:39:35.672 [main] Stepdemo1 - customer menu item clicked
[INFO ] 2022-10-15 20:39:38.052 [main] Stepdemo1 - enter the email address
[INFO ] 2022-10-15 20:39:40.216 [main] Stepdemo1 - click on serach button successfully.
[FATAL] 2022-10-15 20:39:41.208 [main] Stepdemo1 - Setup1 executed...
[INFO ] 2022-10-15 20:39:44.776 [main] Stepdemo1 - Setup2 executed...
[INFO ] 2022-10-15 20:39:49.023 [main] Stepdemo1 - chrome browser launched
[INFO ] 2022-10-15 20:39:50.939 [main] Stepdemo1 - url opened
[INFO ] 2022-10-15 20:39:51.584 [main] Stepdemo1 - email address and password entered
[INFO ] 2022-10-15 20:40:00.111 [main] Stepdemo1 - Clicked on login button
[INFO ] 2022-10-15 20:40:00.193 [main] Stepdemo1 - user can view dashboard test passed.
[INFO ] 2022-10-15 20:40:00.397 [main] Stepdemo1 - customer menu clicked
[INFO ] 2022-10-15 20:40:06.070 [main] Stepdemo1 - customer menu item clicked
[INFO ] 2022-10-15 20:40:08.635 [main] Stepdemo1 - customer firstname enter
[INFO ] 2022-10-15 20:40:09.139 [main] Stepdemo1 - customer Lastname enter
[INFO ] 2022-10-15 20:40:11.412 [main] Stepdemo1 - click on serach button successfully.
[FATAL] 2022-10-17 18:59:21.709 [main] Stepdemo1 - Setup1 executed...
[INFO ] 2022-10-17 18:59:42.770 [main] Stepdemo1 - chrome browser launched
[INFO ] 2022-10-17 18:59:46.865 [main] Stepdemo1 - url opened
[FATAL] 2022-10-17 18:59:47.291 [main] Stepdemo1 - Setup1 executed...
[INFO ] 2022-10-17 18:59:53.048 [main] Stepdemo1 - Setup2 executed...
[INFO ] 2022-10-17 19:00:02.786 [main] Stepdemo1 - chrome browser launched
[INFO ] 2022-10-17 19:00:03.742 [main] Stepdemo1 - url opened
[FATAL] 2022-10-17 19:00:04.152 [main] Stepdemo1 - Setup1 executed...
[INFO ] 2022-10-17 19:00:09.431 [main] Stepdemo1 - Setup2 executed...
[INFO ] 2022-10-17 19:00:17.980 [main] Stepdemo1 - chrome browser launched
[INFO ] 2022-10-17 19:00:19.516 [main] Stepdemo1 - url opened
[FATAL] 2022-10-17 19:00:19.977 [main] Stepdemo1 - Setup1 executed...
[INFO ] 2022-10-17 19:00:24.754 [main] Stepdemo1 - Setup2 executed...
[FATAL] 2022-10-17 19:00:35.268 [main] Stepdemo1 - Setup1 executed...
[INFO ] 2022-10-17 19:00:37.471 [main] Stepdemo1 - chrome browser launched
[INFO ] 2022-10-17 19:00:39.520 [main] Stepdemo1 - url opened
[FATAL] 2022-10-17 19:00:39.914 [main] Stepdemo1 - Setup1 executed...
[FATAL] 2022-10-17 19:01:18.905 [main] Stepdemo1 - Setup1 executed...
[INFO ] 2022-10-17 19:01:24.720 [main] Stepdemo1 - chrome browser launched
[INFO ] 2022-10-17 19:01:26.164 [main] Stepdemo1 - url opened
[FATAL] 2022-10-17 19:01:26.528 [main] Stepdemo1 - Setup1 executed...
[INFO ] 2022-10-17 19:01:28.735 [main] Stepdemo1 - Setup2 executed...
[INFO ] 2022-10-17 19:01:32.390 [main] Stepdemo1 - chrome browser launched
[INFO ] 2022-10-17 19:01:33.814 [main] Stepdemo1 - url opened
[FATAL] 2022-10-17 19:01:34.187 [main] Stepdemo1 - Setup1 executed...
[FATAL] 2022-10-17 19:04:24.939 [main] Stepdemo1 - Setup1 executed...
[INFO ] 2022-10-17 19:04:29.995 [main] Stepdemo1 - chrome browser launched
[INFO ] 2022-10-17 19:04:31.382 [main] Stepdemo1 - url opened
[INFO ] 2022-10-17 19:04:35.708 [main] Stepdemo1 - Setup2 executed...
[FATAL] 2022-10-17 19:04:35.713 [main] Stepdemo1 - Setup1 executed...
[INFO ] 2022-10-17 19:04:38.358 [main] Stepdemo1 - chrome browser launched
[INFO ] 2022-10-17 19:04:39.749 [main] Stepdemo1 - url opened
[INFO ] 2022-10-17 19:04:44.402 [main] Stepdemo1 - Setup2 executed...
[FATAL] 2022-10-17 19:04:44.405 [main] Stepdemo1 - Setup1 executed...
[INFO ] 2022-10-17 19:04:50.669 [main] Stepdemo1 - chrome browser launched
[FATAL] 2022-10-17 19:10:22.540 [main] Stepdemo1 - Setup1 executed...
[INFO ] 2022-10-17 19:10:30.604 [main] Stepdemo1 - chrome browser launched
[INFO ] 2022-10-17 19:10:32.021 [main] Stepdemo1 - url opened
[INFO ] 2022-10-17 19:10:37.379 [main] Stepdemo1 - Setup2 executed...
[FATAL] 2022-10-17 19:10:37.383 [main] Stepdemo1 - Setup1 executed...
[INFO ] 2022-10-17 19:10:43.489 [main] Stepdemo1 - chrome browser launched
[INFO ] 2022-10-17 19:10:44.870 [main] Stepdemo1 - url opened
[INFO ] 2022-10-17 19:10:54.979 [main] Stepdemo1 - Setup2 executed...
[FATAL] 2022-10-17 19:10:54.983 [main] Stepdemo1 - Setup1 executed...
[INFO ] 2022-10-17 19:11:01.052 [main] Stepdemo1 - chrome browser launched
[INFO ] 2022-10-17 19:11:02.702 [main] Stepdemo1 - url opened
[INFO ] 2022-10-17 19:11:08.221 [main] Stepdemo1 - Setup2 executed...
[FATAL] 2022-10-17 19:11:08.234 [main] Stepdemo1 - Setup1 executed...
[INFO ] 2022-10-17 19:11:14.002 [main] Stepdemo1 - chrome browser launched
[INFO ] 2022-10-17 19:11:15.217 [main] Stepdemo1 - url opened
[FATAL] 2022-10-17 19:11:15.742 [main] Stepdemo1 - Setup1 executed...
[INFO ] 2022-10-17 19:11:21.636 [main] Stepdemo1 - chrome browser launched
[INFO ] 2022-10-17 19:11:22.542 [main] Stepdemo1 - url opened
[FATAL] 2022-10-17 19:14:34.784 [main] Stepdemo1 - Setup1 executed...
[INFO ] 2022-10-17 19:14:41.292 [main] Stepdemo1 - chrome browser launched
[INFO ] 2022-10-17 19:14:42.663 [main] Stepdemo1 - url opened
[FATAL] 2022-10-17 19:14:43.008 [main] Stepdemo1 - Setup1 executed...
[INFO ] 2022-10-17 19:14:45.428 [main] Stepdemo1 - chrome browser launched
[INFO ] 2022-10-17 19:14:46.251 [main] Stepdemo1 - url opened
[FATAL] 2022-10-17 19:19:26.761 [main] Stepdemo1 - Setup1 executed...
[INFO ] 2022-10-17 19:19:38.979 [main] Stepdemo1 - chrome browser launched
[INFO ] 2022-10-17 19:19:40.555 [main] Stepdemo1 - url opened
[FATAL] 2022-10-17 19:19:40.944 [main] Stepdemo1 - Setup1 executed...
[INFO ] 2022-10-17 19:19:47.593 [main] Stepdemo1 - chrome browser launched
[INFO ] 2022-10-17 19:19:48.379 [main] Stepdemo1 - url opened
[FATAL] 2022-10-17 19:27:23.691 [main] Stepdemo1 - Setup1 executed...
[INFO ] 2022-10-17 19:27:32.368 [main] Stepdemo1 - chrome browser launched
[INFO ] 2022-10-17 19:27:34.286 [main] Stepdemo1 - url opened
[FATAL] 2022-10-17 19:27:34.945 [main] Stepdemo1 - Setup1 executed...
[INFO ] 2022-10-17 19:27:39.783 [main] Stepdemo1 - chrome browser launched
[INFO ] 2022-10-17 19:27:40.835 [main] Stepdemo1 - url opened
[FATAL] 2022-10-17 19:44:02.836 [main] Stepdemo1 - Setup1 executed...
[INFO ] 2022-10-17 19:44:13.748 [main] Stepdemo1 - chrome browser launched
[INFO ] 2022-10-17 19:44:15.334 [main] Stepdemo1 - url opened
[FATAL] 2022-10-17 19:44:15.902 [main] Stepdemo1 - Setup1 executed...
[INFO ] 2022-10-17 19:44:24.004 [main] Stepdemo1 - chrome browser launched
[INFO ] 2022-10-17 19:44:26.170 [main] Stepdemo1 - url opened
[FATAL] 2022-10-17 20:35:45.816 [main] Stepdemo1 - Setup1 executed...
[INFO ] 2022-10-17 20:35:58.021 [main] Stepdemo1 - chrome browser launched
[INFO ] 2022-10-17 20:35:59.584 [main] Stepdemo1 - url opened
[FATAL] 2022-10-17 20:36:00.176 [main] Stepdemo1 - Setup1 executed...
[INFO ] 2022-10-17 20:36:05.139 [main] Stepdemo1 - chrome browser launched
[INFO ] 2022-10-17 20:36:08.395 [main] Stepdemo1 - url opened
[FATAL] 2022-10-18 18:05:39.371 [main] Stepdemo1 - Setup1 executed...
[INFO ] 2022-10-18 18:05:57.059 [main] Stepdemo1 - chrome browser launched
[INFO ] 2022-10-18 18:05:59.059 [main] Stepdemo1 - url opened
[INFO ] 2022-10-18 18:05:59.887 [main] Stepdemo1 - email address and password entered
[INFO ] 2022-10-18 18:06:09.940 [main] Stepdemo1 - Clicked on login button
[WARN ] 2022-10-18 18:06:10.193 [main] Stepdemo1 - Test Failed: Login feature- page title is matched.
[WARN ] 2022-10-18 18:06:10.194 [main] Stepdemo1 - Test Failed: Login feature- page title not matched.
[INFO ] 2022-10-18 18:06:11.929 [main] Stepdemo1 - user clicked on logout link.
[WARN ] 2022-10-18 18:06:12.092 [main] Stepdemo1 - Test Failed: Login feature- page title is matched.
[WARN ] 2022-10-18 18:06:12.093 [main] Stepdemo1 - Test Failed: Login feature- page title not matched.
[INFO ] 2022-10-18 18:06:12.669 [main] Stepdemo1 - browser is closed
[FATAL] 2022-10-18 18:06:13.068 [main] Stepdemo1 - Setup1 executed...
[INFO ] 2022-10-18 18:06:18.903 [main] Stepdemo1 - chrome browser launched
[INFO ] 2022-10-18 18:06:21.733 [main] Stepdemo1 - url opened
[INFO ] 2022-10-18 18:06:22.367 [main] Stepdemo1 - email address and password entered
[INFO ] 2022-10-18 18:06:26.998 [main] Stepdemo1 - Clicked on login button
[INFO ] 2022-10-18 18:06:27.242 [main] Stepdemo1 - user can view dashboard test passed.
[INFO ] 2022-10-18 18:06:27.600 [main] Stepdemo1 - customer menu clicked
[INFO ] 2022-10-18 18:06:29.938 [main] Stepdemo1 - customer menu item clicked
[INFO ] 2022-10-18 18:06:32.544 [main] Stepdemo1 - enter the email address
[INFO ] 2022-10-18 18:06:34.854 [main] Stepdemo1 - click on serach button successfully.
[INFO ] 2022-10-18 18:06:36.132 [main] Stepdemo1 - User should found Email in the Search table - passed
[INFO ] 2022-10-18 18:06:36.690 [main] Stepdemo1 - browser is closed
[FATAL] 2022-10-18 18:12:30.091 [main] Stepdemo1 - Setup1 executed...
[INFO ] 2022-10-18 18:12:41.045 [main] Stepdemo1 - chrome browser launched
[INFO ] 2022-10-18 18:12:44.636 [main] Stepdemo1 - url opened
[INFO ] 2022-10-18 18:12:45.675 [main] Stepdemo1 - email address and password entered
[INFO ] 2022-10-18 18:12:51.109 [main] Stepdemo1 - Clicked on login button
[WARN ] 2022-10-18 18:12:51.346 [main] Stepdemo1 - Test Failed: Login feature- page title is matched.
[WARN ] 2022-10-18 18:12:51.346 [main] Stepdemo1 - Test Failed: Login feature- page title not matched.
[INFO ] 2022-10-18 18:12:53.189 [main] Stepdemo1 - user clicked on logout link.
[WARN ] 2022-10-18 18:12:53.334 [main] Stepdemo1 - Test Failed: Login feature- page title is matched.
[WARN ] 2022-10-18 18:12:53.335 [main] Stepdemo1 - Test Failed: Login feature- page title not matched.
[INFO ] 2022-10-18 18:12:53.820 [main] Stepdemo1 - browser is closed
[FATAL] 2022-10-18 18:12:54.101 [main] Stepdemo1 - Setup1 executed...
[INFO ] 2022-10-18 18:13:03.121 [main] Stepdemo1 - chrome browser launched
[INFO ] 2022-10-18 18:13:05.593 [main] Stepdemo1 - url opened
[INFO ] 2022-10-18 18:13:06.344 [main] Stepdemo1 - email address and password entered
[INFO ] 2022-10-18 18:13:11.429 [main] Stepdemo1 - Clicked on login button
[INFO ] 2022-10-18 18:13:11.638 [main] Stepdemo1 - user can view dashboard test passed.
[INFO ] 2022-10-18 18:13:11.933 [main] Stepdemo1 - customer menu clicked
[INFO ] 2022-10-18 18:13:14.393 [main] Stepdemo1 - customer menu item clicked
[INFO ] 2022-10-18 18:13:16.852 [main] Stepdemo1 - enter the email address
[INFO ] 2022-10-18 18:13:19.273 [main] Stepdemo1 - click on serach button successfully.
[INFO ] 2022-10-18 18:13:19.554 [main] Stepdemo1 - User should found Email in the Search table - passed
[INFO ] 2022-10-18 18:13:21.127 [main] Stepdemo1 - browser is closed
